[    0.000000] Linux version 4.15.0-197-generic (buildd@lcy02-amd64-110) (gcc version 7.5.0 (Ubuntu 7.5.0-3ubuntu1~18.04)) #208-Ubuntu SMP Tue Nov 1 17:23:37 UTC 2022 (Ubuntu 4.15.0-197.208-generic 4.15.18)
[    0.000000] Command line: BOOT_IMAGE=/boot/vmlinuz-4.15.0-197-generic root=LABEL=cloudimg-rootfs ro console=tty1 console=ttyS0
[    0.000000] KERNEL supported cpus:
[    0.000000]   Intel GenuineIntel
[    0.000000]   AMD AuthenticAMD
[    0.000000]   Centaur CentaurHauls
[    0.000000] [Firmware Bug]: TSC doesn't count with P0 frequency!
[    0.000000] x86/fpu: x87 FPU will use FXSAVE
[    0.000000] e820: BIOS-provided physical RAM map:
[    0.000000] BIOS-e820: [mem 0x0000000000000000-0x000000000009fbff] usable
[    0.000000] BIOS-e820: [mem 0x000000000009fc00-0x000000000009ffff] reserved
[    0.000000] BIOS-e820: [mem 0x00000000000f0000-0x00000000000fffff] reserved
[    0.000000] BIOS-e820: [mem 0x0000000000100000-0x000000003ffeffff] usable
[    0.000000] BIOS-e820: [mem 0x000000003fff0000-0x000000003fffffff] ACPI data
[    0.000000] BIOS-e820: [mem 0x00000000fec00000-0x00000000fec00fff] reserved
[    0.000000] BIOS-e820: [mem 0x00000000fee00000-0x00000000fee00fff] reserved
[    0.000000] BIOS-e820: [mem 0x00000000fffc0000-0x00000000ffffffff] reserved
[    0.000000] NX (Execute Disable) protection: active
[    0.000000] SMBIOS 2.5 present.
[    0.000000] DMI: innotek GmbH VirtualBox/VirtualBox, BIOS VirtualBox 12/01/2006
[    0.000000] Hypervisor detected: KVM
[    0.000000] e820: last_pfn = 0x3fff0 max_arch_pfn = 0x400000000
[    0.000000] MTRR: Disabled
[    0.000000] x86/PAT: MTRRs disabled, skipping PAT initialization too.
[    0.000000] CPU MTRRs all blank - virtualized system.
[    0.000000] x86/PAT: Configuration [0-7]: WB  WT  UC- UC  WB  WT  UC- UC  
[    0.000000] found SMP MP-table at [mem 0x0009fff0-0x0009ffff]
[    0.000000] Scanning 1 areas for low memory corruption
[    0.000000] RAMDISK: [mem 0x359c7000-0x36cdafff]
[    0.000000] ACPI: Early table checksum verification disabled
[    0.000000] ACPI: RSDP 0x00000000000E0000 000024 (v02 VBOX  )
[    0.000000] ACPI: XSDT 0x000000003FFF0030 00003C (v01 VBOX   VBOXXSDT 00000001 ASL  00000061)
[    0.000000] ACPI: FACP 0x000000003FFF00F0 0000F4 (v04 VBOX   VBOXFACP 00000001 ASL  00000061)
[    0.000000] ACPI: DSDT 0x000000003FFF0470 002325 (v02 VBOX   VBOXBIOS 00000002 INTL 20100528)
[    0.000000] ACPI: FACS 0x000000003FFF0200 000040
[    0.000000] ACPI: FACS 0x000000003FFF0200 000040
[    0.000000] ACPI: APIC 0x000000003FFF0240 00005C (v02 VBOX   VBOXAPIC 00000001 ASL  00000061)
[    0.000000] ACPI: SSDT 0x000000003FFF02A0 0001CC (v01 VBOX   VBOXCPUT 00000002 INTL 20100528)
[    0.000000] ACPI: Reserving FACP table memory at [mem 0x3fff00f0-0x3fff01e3]
[    0.000000] ACPI: Reserving DSDT table memory at [mem 0x3fff0470-0x3fff2794]
[    0.000000] ACPI: Reserving FACS table memory at [mem 0x3fff0200-0x3fff023f]
[    0.000000] ACPI: Reserving FACS table memory at [mem 0x3fff0200-0x3fff023f]
[    0.000000] ACPI: Reserving APIC table memory at [mem 0x3fff0240-0x3fff029b]
[    0.000000] ACPI: Reserving SSDT table memory at [mem 0x3fff02a0-0x3fff046b]
[    0.000000] No NUMA configuration found
[    0.000000] Faking a node at [mem 0x0000000000000000-0x000000003ffeffff]
[    0.000000] NODE_DATA(0) allocated [mem 0x3ffc5000-0x3ffeffff]
[    0.000000] kvm-clock: cpu 0, msr 0:3ff44001, primary cpu clock
[    0.000000] kvm-clock: Using msrs 4b564d01 and 4b564d00
[    0.000000] kvm-clock: using sched offset of 4094582697 cycles
[    0.000000] clocksource: kvm-clock: mask: 0xffffffffffffffff max_cycles: 0x1cd42e4dffb, max_idle_ns: 881590591483 ns
[    0.000000] Zone ranges:
[    0.000000]   DMA      [mem 0x0000000000001000-0x0000000000ffffff]
[    0.000000]   DMA32    [mem 0x0000000001000000-0x000000003ffeffff]
[    0.000000]   Normal   empty
[    0.000000]   Device   empty
[    0.000000] Movable zone start for each node
[    0.000000] Early memory node ranges
[    0.000000]   node   0: [mem 0x0000000000001000-0x000000000009efff]
[    0.000000]   node   0: [mem 0x0000000000100000-0x000000003ffeffff]
[    0.000000] Reserved but unavailable: 104 pages
[    0.000000] Initmem setup node 0 [mem 0x0000000000001000-0x000000003ffeffff]
[    0.000000] ACPI: PM-Timer IO Port: 0x4008
[    0.000000] IOAPIC[0]: apic_id 2, version 32, address 0xfec00000, GSI 0-23
[    0.000000] ACPI: INT_SRC_OVR (bus 0 bus_irq 0 global_irq 2 dfl dfl)
[    0.000000] ACPI: INT_SRC_OVR (bus 0 bus_irq 9 global_irq 9 low level)
[    0.000000] Using ACPI (MADT) for SMP configuration information
[    0.000000] smpboot: Allowing 2 CPUs, 0 hotplug CPUs
[    0.000000] PM: Registered nosave memory: [mem 0x00000000-0x00000fff]
[    0.000000] PM: Registered nosave memory: [mem 0x0009f000-0x0009ffff]
[    0.000000] PM: Registered nosave memory: [mem 0x000a0000-0x000effff]
[    0.000000] PM: Registered nosave memory: [mem 0x000f0000-0x000fffff]
[    0.000000] e820: [mem 0x40000000-0xfebfffff] available for PCI devices
[    0.000000] Booting paravirtualized kernel on KVM
[    0.000000] clocksource: refined-jiffies: mask: 0xffffffff max_cycles: 0xffffffff, max_idle_ns: 7645519600211568 ns
[    0.000000] setup_percpu: NR_CPUS:8192 nr_cpumask_bits:2 nr_cpu_ids:2 nr_node_ids:1
[    0.000000] percpu: Embedded 50 pages/cpu s167936 r8192 d28672 u1048576
[    0.000000] PV qspinlock hash table entries: 256 (order: 0, 4096 bytes)
[    0.000000] Built 1 zonelists, mobility grouping on.  Total pages: 257913
[    0.000000] Policy zone: DMA32
[    0.000000] Kernel command line: BOOT_IMAGE=/boot/vmlinuz-4.15.0-197-generic root=LABEL=cloudimg-rootfs ro console=tty1 console=ttyS0
[    0.000000] Memory: 982644K/1048120K available (12300K kernel code, 2477K rwdata, 4320K rodata, 2472K init, 2720K bss, 65476K reserved, 0K cma-reserved)
[    0.000000] SLUB: HWalign=64, Order=0-3, MinObjects=0, CPUs=2, Nodes=1
[    0.000000] ftrace: allocating 39478 entries in 155 pages
[    0.004000] Hierarchical RCU implementation.
[    0.004000] 	RCU restricting CPUs from NR_CPUS=8192 to nr_cpu_ids=2.
[    0.004000] 	Tasks RCU enabled.
[    0.004000] RCU: Adjusting geometry for rcu_fanout_leaf=16, nr_cpu_ids=2
[    0.004000] NR_IRQS: 524544, nr_irqs: 440, preallocated irqs: 16
[    0.004000] Console: colour VGA+ 80x25
[    0.004000] console [tty1] enabled
[    0.004000] console [ttyS0] enabled
[    0.004000] ACPI: Core revision 20170831
[    0.004000] ACPI: 2 ACPI AML tables successfully acquired and loaded
[    0.004000] APIC: Switch to symmetric I/O mode setup
[    0.004000] ..TIMER: vector=0x30 apic1=0 pin1=2 apic2=-1 pin2=-1
[    0.004000] tsc: Detected 3593.262 MHz processor
[    0.004000] Calibrating delay loop (skipped) preset value.. 7186.52 BogoMIPS (lpj=14373048)
[    0.004006] pid_max: default: 32768 minimum: 301
[    0.008075] Security Framework initialized
[    0.012003] Yama: becoming mindful.
[    0.016084] AppArmor: AppArmor initialized
[    0.025481] Dentry cache hash table entries: 131072 (order: 8, 1048576 bytes)
[    0.033241] Inode-cache hash table entries: 65536 (order: 7, 524288 bytes)
[    0.036070] Mount-cache hash table entries: 2048 (order: 2, 16384 bytes)
[    0.040065] Mountpoint-cache hash table entries: 2048 (order: 2, 16384 bytes)
[    0.045220] Last level iTLB entries: 4KB 1024, 2MB 1024, 4MB 512
[    0.048002] Last level dTLB entries: 4KB 2048, 2MB 2048, 4MB 1024, 1GB 0
[    0.052003] Spectre V1 : Mitigation: usercopy/swapgs barriers and __user pointer sanitization
[    0.056003] Spectre V2 : Mitigation: Retpolines
[    0.060002] Spectre V2 : Spectre v2 / SpectreRSB mitigation: Filling RSB on context switch
[    0.068116] Freeing SMP alternatives memory: 36K
[    0.192329] APIC calibration not consistent with PM-Timer: 109ms instead of 100ms
[    0.196000] APIC delta adjusted to PM-Timer: 6434063 (7023144)
[    0.196373] smpboot: CPU0: AMD Ryzen 5 3500X 6-Core Processor (family: 0x17, model: 0x71, stepping: 0x0)
[    0.200000] Performance Events: PMU not available due to virtualization, using software events only.
[    0.200000] Hierarchical SRCU implementation.
[    0.200000] NMI watchdog: Perf event create on CPU 0 failed with -2
[    0.200000] NMI watchdog: Perf NMI watchdog permanently disabled
[    0.200000] smp: Bringing up secondary CPUs ...
[    0.200000] x86: Booting SMP configuration:
[    0.200000] .... node  #0, CPUs:      #1
[    0.004000] kvm-clock: cpu 1, msr 0:3ff44041, secondary cpu clock
[    0.215133] TSC synchronization [CPU#0 -> CPU#1]:
[    0.216000] Measured 93312 cycles TSC warp between CPUs, turning off TSC clock.
[    0.216000] tsc: Marking TSC unstable due to check_tsc_sync_source failed
[    0.220223] smp: Brought up 1 node, 2 CPUs
[    0.224004] smpboot: Max logical packages: 1
[    0.228004] smpboot: Total of 2 processors activated (14373.04 BogoMIPS)
[    0.236160] devtmpfs: initialized
[    0.240438] x86/mm: Memory block size: 128MB
[    0.244438] evm: security.selinux
[    0.252002] evm: security.SMACK64
[    0.256002] evm: security.SMACK64EXEC
[    0.260002] evm: security.SMACK64TRANSMUTE
[    0.264002] evm: security.SMACK64MMAP
[    0.272002] evm: security.apparmor
[    0.276002] evm: security.ima
[    0.280002] evm: security.capability
[    0.288254] clocksource: jiffies: mask: 0xffffffff max_cycles: 0xffffffff, max_idle_ns: 7645041785100000 ns
[    0.300101] futex hash table entries: 512 (order: 3, 32768 bytes)
[    0.308365] pinctrl core: initialized pinctrl subsystem
[    0.312426] RTC time: 14:22:58, date: 11/25/22
[    0.321062] NET: Registered protocol family 16
[    0.328131] audit: initializing netlink subsys (disabled)
[    0.336213] audit: type=2000 audit(1669386183.831:1): state=initialized audit_enabled=0 res=1
[    0.340175] cpuidle: using governor ladder
[    0.344184] cpuidle: using governor menu
[    0.353486] ACPI: bus type PCI registered
[    0.356004] acpiphp: ACPI Hot Plug PCI Controller Driver version: 0.5
[    0.364498] PCI: Using configuration type 1 for base access
[    0.368002] PCI: Using configuration type 1 for extended access
[    0.376355] HugeTLB registered 2.00 MiB page size, pre-allocated 0 pages
[    0.384391] ACPI: Added _OSI(Module Device)
[    0.388004] ACPI: Added _OSI(Processor Device)
[    0.392003] ACPI: Added _OSI(3.0 _SCP Extensions)
[    0.396003] ACPI: Added _OSI(Processor Aggregator Device)
[    0.400003] ACPI: Added _OSI(Linux-Dell-Video)
[    0.403489] ACPI: Added _OSI(Linux-Lenovo-NV-HDMI-Audio)
[    0.404003] ACPI: Added _OSI(Linux-HPI-Hybrid-Graphics)
[    0.408912] ACPI: Executed 1 blocks of module-level executable AML code
[    0.418626] ACPI: Interpreter enabled
[    0.420012] ACPI: (supports S0 S5)
[    0.422747] ACPI: Using IOAPIC for interrupt routing
[    0.424402] PCI: Using host bridge windows from ACPI; if necessary, use "pci=nocrs" and report a bug
[    0.428219] ACPI: Enabled 2 GPEs in block 00 to 07
[    0.442296] ACPI: PCI Root Bridge [PCI0] (domain 0000 [bus 00-ff])
[    0.444007] acpi PNP0A03:00: _OSC: OS supports [ExtendedConfig ASPM ClockPM Segments MSI]
[    0.449534] acpi PNP0A03:00: _OSC: platform does not support [PCIeCapability]
[    0.452770] acpi PNP0A03:00: _OSC: not requesting control; platform does not support [PCIeCapability]
[    0.456004] acpi PNP0A03:00: _OSC: OS requested [PCIeHotplug PME AER PCIeCapability]
[    0.460003] acpi PNP0A03:00: _OSC: platform willing to grant [PCIeHotplug PME AER]
[    0.464003] acpi PNP0A03:00: _OSC failed (AE_SUPPORT); disabling ASPM
[    0.472206] PCI host bridge to bus 0000:00
[    0.475423] pci_bus 0000:00: root bus resource [io  0x0000-0x0cf7 window]
[    0.476003] pci_bus 0000:00: root bus resource [io  0x0d00-0xffff window]
[    0.480005] pci_bus 0000:00: root bus resource [mem 0x000a0000-0x000bffff window]
[    0.484004] pci_bus 0000:00: root bus resource [mem 0x40000000-0xfdffffff window]
[    0.488004] pci_bus 0000:00: root bus resource [bus 00-ff]
[    0.498967] pci 0000:00:01.1: legacy IDE quirk: reg 0x10: [io  0x01f0-0x01f7]
[    0.500003] pci 0000:00:01.1: legacy IDE quirk: reg 0x14: [io  0x03f6]
[    0.504003] pci 0000:00:01.1: legacy IDE quirk: reg 0x18: [io  0x0170-0x0177]
[    0.508003] pci 0000:00:01.1: legacy IDE quirk: reg 0x1c: [io  0x0376]
[    0.531469] pci 0000:00:07.0: quirk: [io  0x4000-0x403f] claimed by PIIX4 ACPI
[    0.532036] pci 0000:00:07.0: quirk: [io  0x4100-0x410f] claimed by PIIX4 SMB
[    0.546535] ACPI: PCI Interrupt Link [LNKA] (IRQs 5 9 10 *11)
[    0.548551] ACPI: PCI Interrupt Link [LNKB] (IRQs 5 9 *10 11)
[    0.552210] ACPI: PCI Interrupt Link [LNKC] (IRQs 5 *9 10 11)
[    0.556214] ACPI: PCI Interrupt Link [LNKD] (IRQs 5 9 10 *11)
[    0.560653] SCSI subsystem initialized
[    0.564189] pci 0000:00:02.0: vgaarb: setting as boot VGA device
[    0.568000] pci 0000:00:02.0: vgaarb: VGA device added: decodes=io+mem,owns=io+mem,locks=none
[    0.568004] pci 0000:00:02.0: vgaarb: bridge control possible
[    0.572002] vgaarb: loaded
[    0.574316] ACPI: bus type USB registered
[    0.576015] usbcore: registered new interface driver usbfs
[    0.580029] usbcore: registered new interface driver hub
[    0.584010] usbcore: registered new device driver usb
[    0.588183] EDAC MC: Ver: 3.0.0
[    0.596306] PCI: Using ACPI for IRQ routing
[    0.600840] NetLabel: Initializing
[    0.604003] NetLabel:  domain hash size = 128
[    0.608002] NetLabel:  protocols = UNLABELED CIPSOv4 CALIPSO
[    0.612039] NetLabel:  unlabeled traffic allowed by default
[    0.616308] clocksource: Switched to clocksource kvm-clock
[    0.663763] VFS: Disk quotas dquot_6.6.0
[    0.668101] VFS: Dquot-cache hash table entries: 512 (order 0, 4096 bytes)
[    0.674283] AppArmor: AppArmor Filesystem Enabled
[    0.678533] pnp: PnP ACPI init
[    0.683596] pnp: PnP ACPI: found 3 devices
[    0.722932] clocksource: acpi_pm: mask: 0xffffff max_cycles: 0xffffff, max_idle_ns: 2085701024 ns
[    0.730554] NET: Registered protocol family 2
[    0.735144] IP idents hash table entries: 16384 (order: 5, 131072 bytes)
[    0.740941] TCP established hash table entries: 8192 (order: 4, 65536 bytes)
[    0.747132] TCP bind hash table entries: 8192 (order: 5, 131072 bytes)
[    0.753084] TCP: Hash tables configured (established 8192 bind 8192)
[    0.758930] UDP hash table entries: 512 (order: 2, 16384 bytes)
[    0.763998] UDP-Lite hash table entries: 512 (order: 2, 16384 bytes)
[    0.769601] NET: Registered protocol family 1
[    0.773464] pci 0000:00:00.0: Limiting direct PCI/PCI transfers
[    0.778508] pci 0000:00:01.0: Activating ISA DMA hang workarounds
[    0.783793] pci 0000:00:02.0: Video device with shadowed ROM at [mem 0x000c0000-0x000dffff]
[    0.791124] Unpacking initramfs...
[    1.222896] Freeing initrd memory: 19536K
[    1.242537] clocksource: tsc: mask: 0xffffffffffffffff max_cycles: 0x33cb7600466, max_idle_ns: 440795291956 ns
[    1.250969] platform rtc_cmos: registered platform RTC device (no PNP device found)
[    1.257433] Scanning for low memory corruption every 60 seconds
[    1.264234] Initialise system trusted keyrings
[    1.268350] Key type blacklist registered
[    1.272474] workingset: timestamp_bits=36 max_order=18 bucket_order=0
[    1.280418] zbud: loaded
[    1.284483] squashfs: version 4.0 (2009/01/31) Phillip Lougher
[    1.290751] fuse init (API version 7.26)
[    1.320915] Key type asymmetric registered
[    1.324626] Asymmetric key parser 'x509' registered
[    1.328495] Block layer SCSI generic (bsg) driver version 0.4 loaded (major 246)
[    1.335028] io scheduler noop registered
[    1.338422] io scheduler deadline registered
[    1.342394] io scheduler cfq registered (default)
[    1.346884] ACPI: AC Adapter [AC] (on-line)
[    1.350686] input: Power Button as /devices/LNXSYSTM:00/LNXPWRBN:00/input/input0
[    1.357001] ACPI: Power Button [PWRF]
[    1.360018] input: Sleep Button as /devices/LNXSYSTM:00/LNXSLPBN:00/input/input1
[    1.366063] ACPI: Sleep Button [SLPF]
[    1.370378] Serial: 8250/16550 driver, 32 ports, IRQ sharing enabled
[    1.405209] 00:02: ttyS0 at I/O 0x3f8 (irq = 4, base_baud = 115200) is a 16550A
[    1.426727] Linux agpgart interface v0.103
[    1.440095] loop: module loaded
[    1.446097] scsi host0: ata_piix
[    1.450240] scsi host1: ata_piix
[    1.453408] ata1: PATA max UDMA/33 cmd 0x1f0 ctl 0x3f6 bmdma 0xd000 irq 14
[    1.459243] ata2: PATA max UDMA/33 cmd 0x170 ctl 0x376 bmdma 0xd008 irq 15
[    1.465254] tun: Universal TUN/TAP device driver, 1.6
[    1.470407] PPP generic driver version 2.4.2
[    1.474706] ehci_hcd: USB 2.0 'Enhanced' Host Controller (EHCI) Driver
[    1.480319] ehci-pci: EHCI PCI platform driver
[    1.484142] ehci-platform: EHCI generic platform driver
[    1.488934] ohci_hcd: USB 1.1 'Open' Host Controller (OHCI) Driver
[    1.494118] ohci-pci: OHCI PCI platform driver
[    1.498135] ohci-platform: OHCI generic platform driver
[    1.502657] uhci_hcd: USB Universal Host Controller Interface driver
[    1.508075] i8042: PNP: PS/2 Controller [PNP0303:PS2K,PNP0f03:PS2M] at 0x60,0x64 irq 1,12
[    1.518068] serio: i8042 KBD port at 0x60,0x64 irq 1
[    1.522455] serio: i8042 AUX port at 0x60,0x64 irq 12
[    1.527521] mousedev: PS/2 mouse device common for all mice
[    1.534513] input: AT Translated Set 2 keyboard as /devices/platform/i8042/serio0/input/input2
[    1.537484] rtc_cmos rtc_cmos: rtc core: registered rtc_cmos as rtc0
[    1.547657] rtc_cmos rtc_cmos: alarms up to one day, 114 bytes nvram
[    1.552687] i2c /dev entries driver
[    1.555553] device-mapper: uevent: version 1.0.3
[    1.559745] device-mapper: ioctl: 4.37.0-ioctl (2017-09-20) initialised: dm-devel@redhat.com
[    1.566793] ledtrig-cpu: registered to indicate activity on CPUs
[    1.573739] NET: Registered protocol family 10
[    1.587889] Segment Routing with IPv6
[    1.591462] NET: Registered protocol family 17
[    1.595901] Key type dns_resolver registered
[    1.599936] mce: Using 0 MCE banks
[    1.602935] RAS: Correctable Errors collector initialized.
[    1.607325] sched_clock: Marking stable (1607278500, 0)->(2248628615, -641350115)
[    1.616416] registered taskstats version 1
[    1.619660] Loading compiled-in X.509 certificates
[    1.681720] Loaded X.509 cert 'Build time autogenerated kernel key: ffc9dd3886e7b6bb89620497cc57c4262b59bc54'
[    1.689803] Loaded X.509 cert 'Canonical Ltd. Live Patch Signing: 14df34d1a87cf37625abec039ef2bf521249b969'
[    1.697799] Loaded X.509 cert 'Canonical Ltd. Kernel Module Signing: 88f752e560a1e0737e31163a466ad7b70a850c19'
[    1.705494] blacklist: Loading compiled-in revocation X.509 certificates
[    1.710690] Loaded X.509 cert 'Canonical Ltd. Secure Boot Signing: 61482aa2830d0ab2ad5af10b7250da9033ddcef0'
[    1.718451] zswap: loaded using pool lzo/zbud
[    1.730699] Key type big_key registered
[    1.734036] Key type trusted registered
[    1.740375] Key type encrypted registered
[    1.744021] AppArmor: AppArmor sha1 policy hashing enabled
[    1.748987] ima: No TPM chip found, activating TPM-bypass! (rc=-19)
[    1.754413] ima: Allocated hash algorithm: sha1
[    1.758444] evm: HMAC attrs: 0x1
[    1.762246]   Magic number: 14:218:385
[    1.765784] thermal cooling_device0: hash matches
[    1.770342] rtc_cmos rtc_cmos: setting system clock to 2022-11-25 14:23:00 UTC (1669386180)
[    1.777968] BIOS EDD facility v0.16 2004-Jun-25, 0 devices found
[    1.783254] EDD information not available.
[    1.790274] Freeing unused kernel image memory: 2472K
[    1.820448] Write protecting the kernel read-only data: 20480k
[    1.826543] Freeing unused kernel image memory: 2008K
[    1.831503] Freeing unused kernel image memory: 1824K
[    1.842127] x86/mm: Checked W+X mappings: passed, no W+X pages found.
Loading, please wait...
starting version 237
[    1.909864] e1000: Intel(R) PRO/1000 Network Driver - version 7.3.21-k8-NAPI
[    1.915992] e1000: Copyright (c) 1999-2006 Intel Corporation.
[    1.928483] Fusion MPT base driver 3.04.20
[    1.932452] Copyright (c) 1999-2008 LSI Corporation
[    1.951168] Fusion MPT SPI Host driver 3.04.20
[    2.164256] input: ImExPS/2 Generic Explorer Mouse as /devices/platform/i8042/serio1/input/input4
[    2.544319] e1000 0000:00:03.0 eth0: (PCI:33MHz:32-bit) 02:a6:12:9f:2a:1a
[    2.550076] e1000 0000:00:03.0 eth0: Intel(R) PRO/1000 Network Connection
[    2.557885] mptbase: ioc0: Initiating bringup
[    2.692118] ioc0: LSI53C1030 A0: Capabilities={Initiator}
[    3.976897] scsi host2: ioc0: LSI53C1030 A0, FwRev=00000000h, Ports=1, MaxQ=256, IRQ=20
[    4.154669] scsi 2:0:0:0: Direct-Access     VBOX     HARDDISK         1.0  PQ: 0 ANSI: 5
[    4.196375] scsi target2:0:0: Beginning Domain Validation
[    4.208120] scsi target2:0:0: Domain Validation skipping write tests
[    4.213971] scsi target2:0:0: Ending Domain Validation
[    4.219224] scsi target2:0:0: asynchronous
[    4.232694] scsi 2:0:1:0: Direct-Access     VBOX     HARDDISK         1.0  PQ: 0 ANSI: 5
[    4.600376] scsi target2:0:1: Beginning Domain Validation
[    4.611844] scsi target2:0:1: Domain Validation skipping write tests
[    4.617471] scsi target2:0:1: Ending Domain Validation
[    4.622776] scsi target2:0:1: asynchronous
[    4.637228] sd 2:0:0:0: Attached scsi generic sg0 type 0
[    4.642556] sd 2:0:1:0: Attached scsi generic sg1 type 0
[    4.647367] sd 2:0:1:0: [sdb] 20480 512-byte logical blocks: (10.5 MB/10.0 MiB)
[    4.655505] sd 2:0:1:0: [sdb] Write Protect is off
[    4.657522] sd 2:0:0:0: [sda] 83886080 512-byte logical blocks: (42.9 GB/40.0 GiB)
[    4.666216] sd 2:0:0:0: [sda] Write Protect is off
[    4.677668] sd 2:0:1:0: [sdb] Incomplete mode parameter data
[    4.682778] sd 2:0:1:0: [sdb] Assuming drive cache: write through
[    4.689029] sd 2:0:0:0: [sda] Incomplete mode parameter data
[    4.694405] sd 2:0:0:0: [sda] Assuming drive cache: write through
[    4.708523]  sda: sda1
[    4.724431] sd 2:0:0:0: [sda] Attached SCSI disk
[    4.729368] sd 2:0:1:0: [sdb] Attached SCSI disk
[    4.837930] e1000 0000:00:08.0 eth1: (PCI:33MHz:32-bit) 08:00:27:26:f0:6a
[    4.843439] e1000 0000:00:08.0 eth1: Intel(R) PRO/1000 Network Connection
[    4.850774] e1000 0000:00:03.0 enp0s3: renamed from eth0
[    4.873222] e1000 0000:00:08.0 enp0s8: renamed from eth1
Begin: Loading essential drivers ... [    7.295149] raid6: sse2x1   gen() 132176 MB/s
[    8.296687] raid6: sse2x1   xor() 188838 MB/s
[   10.298318] raid6: sse2x2   gen() 394908 MB/s
[   12.307175] raid6: sse2x2   xor() 261925 MB/s
[   12.360878] raid6: sse2x4   gen() 17196 MB/s
[   12.414735] raid6: sse2x4   xor()  9423 MB/s
[   12.418708] raid6: using algorithm sse2x2 gen() 394908 MB/s
[   12.423599] raid6: .... xor() 261925 MB/s, rmw enabled
[   12.427847] raid6: using ssse3x2 recovery algorithm
[   12.433662] xor: measuring software checksum speed
[   12.476164]    prefetch64-sse: 16275.000 MB/sec
[   12.516152]    generic_sse: 15693.000 MB/sec
[   12.519557] xor: using function: prefetch64-sse (16275.000 MB/sec)
[   12.526030] async_tx: api initialized (async)
done.
Begin: Running /scripts/init-premount ... done.
Begin: Mounting root file system ... Begin: Running /scripts/local-top ... done.
Begin: Running /scripts/local-premount ... [   12.575227] Btrfs loaded, crc32c=crc32c-intel
Scanning for Btrfs filesystems
done.
Warning: fsck not present, so skipping root file system
[   12.624399] EXT4-fs (sda1): mounted filesystem with ordered data mode. Opts: (null)
done.
Begin: Running /scripts/local-bottom ... done.
Begin: Running /scripts/init-bottom ... done.
[   12.840874] ip_tables: (C) 2000-2006 Netfilter Core Team
[   12.859082] systemd[1]: systemd 237 running in system mode. (+PAM +AUDIT +SELINUX +IMA +APPARMOR +SMACK +SYSVINIT +UTMP +LIBCRYPTSETUP +GCRYPT +GNUTLS +ACL +XZ +LZ4 +SECCOMP +BLKID +ELFUTILS +KMOD -IDN2 +IDN -PCRE2 default-hierarchy=hybrid)
[   12.875687] systemd[1]: Detected virtualization oracle.
[   12.879962] systemd[1]: Detected architecture x86-64.

Welcome to [1mUbuntu 18.04.6 LTS[0m!

[   12.909554] systemd[1]: Set hostname to <ubuntu>.
[   12.923727] random: systemd: uninitialized urandom read (16 bytes read)
[   12.929042] systemd[1]: Initializing machine ID from random generator.
[   12.934401] systemd[1]: Installed transient /etc/machine-id file.
[   13.237643] random: systemd: uninitialized urandom read (16 bytes read)
[   13.243159] systemd[1]: Reached target Swap.
[[0;32m  OK  [0m] Reached target Swap.
[   13.250355] random: systemd: uninitialized urandom read (16 bytes read)
[   13.264892] systemd[1]: Created slice System Slice.
[[0;32m  OK  [0m] Created slice System Slice.
[   13.272594] systemd[1]: Listening on LVM2 poll daemon socket.
[[0;32m  OK  [0m] Listening on LVM2 poll daemon socket.
[   13.281280] systemd[1]: Listening on /dev/initctl Compatibility Named Pipe.
[[0;32m  OK  [0m] Listening on /dev/initctl Compatibility Named Pipe.
[[0;32m  OK  [0m] Listening on Journal Socket.
         Starting Uncomplicated firewall...
[[0;32m  OK  [0m] Listening on LVM2 metadata daemon socket.
         Starting Set the console keyboard layout...
[[0;32m  OK  [0m] Listening on udev Kernel Socket.
         Starting Create list of required st…ce nodes for the current kernel...
[[0;32m  OK  [0m] Set up automount Arbitrary Executab…rmats File System Automount Point.
         Starting Load Kernel Modules...
[[0;32m  OK  [0m] Listening on Network Service Netlink Socket.
         Mounting Huge Pages File System...
[[0;32m  OK  [0m] Created slice User and Session Slice.
[[0;32m  OK  [0m] Reached target System Time Synchronized.
         Mounting Kernel Debug File System...
[[   13.345105] Loading iSCSI transport class v2.0-870.
[0;32m  OK  [0m] Listening on Device-mapper event daemon FIFOs.
         Starting Monitoring of LVM2 mirrors…ng dmeventd or progress polling...
[[0;32m  OK  [0m] Listening on udev Control Socket.
         Starting udev Coldplug all Devices...
[[0;32m  OK  [0m] Listening on fsck to fsckd communication Socket.
         Starting File System Check on Root Device...
[[0;32m  OK  [0m] Created slice system-serial\x2dgetty.slice.
[[0;32m  OK  [0m] Listening on Syslog Socket.
[   13.378487] iscsi: registered transport (tcp)
[[0;32m  OK  [0m] Started Forward Password Requests to Wall Directory Watch.
[[0;32m  OK  [0m] Listening on Journal Socket (/dev/log).
         Mounting POSIX Message Queue File System...
[[0;32m  OK  [0m] Listening on Journal Audit Socket.
         Starting Journal Service...
[[0;32m  OK  [0m] Reached target Slices.
[[0;32m  OK  [0m] Reached target User and Group Name Lookups.
[[0;32m  OK  [0m] Started Uncomplicated firewall.
[[0;32m  OK  [0m] Started Create list of required sta…vice nodes for the current kernel.
[[0;32m  OK  [0m] Mounted Huge Pages File System.
[[0;32m  OK  [0m] Mounted Kernel Debug File System.
[[0;32m  OK  [0m] Mounted POSIX Message Queue File System.
[[0;32m  OK  [0m] Started LVM2 metadata daemon.
         Starting Create Static Device Nodes in /dev...
[[0;32m  OK  [0m] Started File System Check Daemon to report status.
[[0;32m  OK  [0m] Started udev Coldplug all Devices.
[   13.485328] iscsi: registered transport (iser)
[[0;32m  OK  [0m] Started Load Kernel Modules.
         Mounting FUSE Control File System...
         Mounting Kernel Configuration File System...
         Starting Apply Kernel Variables...
[[0;32m  OK  [0m] Mounted FUSE Control File System.
[[0;32m  OK  [0m] Started Journal Service.
[[0;32m  OK  [0m] Mounted Kernel Configuration File System.
[[0;32m  OK  [0m] Started Create Static Device Nodes in /dev.
[[0;32m  OK  [0m] Started Monitoring of LVM2 mirrors,…sing dmeventd or progress polling.
[[0;32m  OK  [0m] Started File System Check on Root Device.
         Starting Remount Root and Kernel File Systems...
[[0;32m  OK  [0m] Started Apply Kernel Variables.
[[0;32m  OK  [0m] Started Remount Root and Kernel File Systems.
         Starting Load/Save Random Seed...
         Starting udev Kernel Device Manager...
         Starting Flush Journal to Persistent Storage...
[[0;32m  OK  [0m] Started Load/Save Random Seed.
[[0;32m  OK  [0m] Started udev Kernel Device Manager.
[[0;32m  OK  [0m] Started Flush Journal to Persistent Storage.
[[0;32m  OK  [0m] Found device /dev/ttyS0.
[[0;32m  OK  [0m] Listening on Load/Save RF Kill Switch Status /dev/rfkill Watch.
[[0;32m  OK  [0m] Started Set the console keyboard layout.
         Mounting Arbitrary Executable File Formats File System...
[[0;32m  OK  [0m] Started Dispatch Password Requests to Console Directory Watch.
[[0;32m  OK  [0m] Reached target Local Encrypted Volumes.
[[0;32m  OK  [0m] Reached target Local File Systems (Pre).
[[0;32m  OK  [0m] Reached target Local File Systems.
         Starting AppArmor initialization...
         Starting Tell Plymouth To Write Out Runtime Data...
         Starting Create Volatile Files and Directories...
         Starting ebtables ruleset management...
         Starting Set console font and keymap...
         Starting Commit a transient machine-id on disk...
[[0;32m  OK  [0m] Mounted Arbitrary Executable File Formats File System.
[[0;32m  OK  [0m] Started Tell Plymouth To Write Out Runtime Data.
[[0;32m  OK  [0m] Started Create Volatile Files and Directories.
         Starting Update UTMP about System Boot/Shutdown...
[[0;32m  OK  [0m] Started Update UTMP about System Boot/Shutdown.
[[0;32m  OK  [0m] Started Commit a transient machine-id on disk.
[[0;32m  OK  [0m] Started ebtables ruleset management.
[[0;32m  OK  [0m] Started AppArmor initialization.
         Starting Load AppArmor profiles managed internally by snapd...
         Starting Initial cloud-init job (pre-networking)...
[[0;32m  OK  [0m] Started Load AppArmor profiles managed internally by snapd.
[[0;32m  OK  [0m] Started Set console font and keymap.
[   16.670599] cloud-init[781]: Cloud-init v. 22.3.4-0ubuntu1~18.04.1 running 'init-local' at Fri, 25 Nov 2022 14:23:15 +0000. Up 16.38 seconds.
[[0;32m  OK  [0m] Started Initial cloud-init job (pre-networking).
[[0;32m  OK  [0m] Reached target Network (Pre).
         Starting Network Service...
[[0;32m  OK  [0m] Started Network Service.
         Starting Wait for Network to be Configured...
         Starting Network Name Resolution...
[[0;32m  OK  [0m] Started Network Name Resolution.
[[0;32m  OK  [0m] Reached target Network.
[[0;32m  OK  [0m] Reached target Host and Network Name Lookups.
[[0;32m  OK  [0m] Started Wait for Network to be Configured.
         Starting Initial cloud-init job (metadata service crawler)...
[   18.406113] cloud-init[912]: Cloud-init v. 22.3.4-0ubuntu1~18.04.1 running 'init' at Fri, 25 Nov 2022 14:23:17 +0000. Up 18.31 seconds.
[   18.413003] cloud-init[912]: ci-info: ++++++++++++++++++++++++++++++++++++++Net device info+++++++++++++++++++++++++++++++++++++++
[   18.418773] cloud-init[912]: ci-info: +--------+-------+----------------------------+---------------+--------+-------------------+
[   18.424514] cloud-init[912]: ci-info: | Device |   Up  |          Address           |      Mask     | Scope  |     Hw-Address    |
[   18.430121] cloud-init[912]: ci-info: +--------+-------+----------------------------+---------------+--------+-------------------+
[   18.435734] cloud-init[912]: ci-info: | enp0s3 |  True |         10.0.2.15          | 255.255.255.0 | global | 02:a6:12:9f:2a:1a |
[   18.441558] cloud-init[912]: ci-info: | enp0s3 |  True | fe80::a6:12ff:fe9f:2a1a/64 |       .       |  link  | 02:a6:12:9f:2a:1a |
[   18.447274] cloud-init[912]: ci-info: | enp0s8 | False |             .              |       .       |   .    | 08:00:27:26:f0:6a |
[   18.453140] cloud-init[912]: ci-info: |   lo   |  True |         127.0.0.1          |   255.0.0.0   |  host  |         .         |
[   18.459043] cloud-init[912]: ci-info: |   lo   |  True |          ::1/128           |       .       |  host  |         .         |
[   18.464789] cloud-init[912]: ci-info: +--------+-------+----------------------------+---------------+--------+-------------------+
[   18.470480] cloud-init[912]: ci-info: ++++++++++++++++++++++++++++Route IPv4 info+++++++++++++++++++++++++++++
[   18.475588] cloud-init[912]: ci-info: +-------+-------------+----------+-----------------+-----------+-------+
[   18.481676] cloud-init[912]: ci-info: | Route | Destination | Gateway  |     Genmask     | Interface | Flags |
[   18.486761] cloud-init[912]: ci-info: +-------+-------------+----------+-----------------+-----------+-------+
[   18.491928] cloud-init[912]: ci-info: |   0   |   0.0.0.0   | 10.0.2.2 |     0.0.0.0     |   enp0s3  |   UG  |
[   18.497319] cloud-init[912]: ci-info: |   1   |   10.0.2.0  | 0.0.0.0  |  255.255.255.0  |   enp0s3  |   U   |
[   18.502675] cloud-init[912]: ci-info: |   2   |   10.0.2.2  | 0.0.0.0  | 255.255.255.255 |   enp0s3  |   UH  |
[   18.507854] cloud-init[912]: ci-info: +-------+-------------+----------+-----------------+-----------+-------+
[   18.513354] cloud-init[912]: ci-info: +++++++++++++++++++Route IPv6 info+++++++++++++++++++
[   18.518419] cloud-init[912]: ci-info: +-------+-------------+---------+-----------+-------+
[   18.526247] cloud-init[912]: ci-info: | Route | Destination | Gateway | Interface | Flags |
[   18.533486] cloud-init[912]: ci-info: +-------+-------------+---------+-----------+-------+
[   18.541346] cloud-init[912]: ci-info: |   1   |  fe80::/64  |    ::   |   enp0s3  |   U   |
[   18.548900] cloud-init[912]: ci-info: |   3   |    local    |    ::   |   enp0s3  |   U   |
[   18.555295] cloud-init[912]: ci-info: |   4   |   ff00::/8  |    ::   |   enp0s3  |   U   |
[   18.562243] cloud-init[912]: ci-info: +-------+-------------+---------+-----------+-------+
[   19.366094] cloud-init[912]: Generating public/private rsa key pair.
[   19.370432] cloud-init[912]: Your identification has been saved in /etc/ssh/ssh_host_rsa_key.
[   19.375654] cloud-init[912]: Your public key has been saved in /etc/ssh/ssh_host_rsa_key.pub.
[   19.380606] cloud-init[912]: The key fingerprint is:
[   19.384354] cloud-init[912]: SHA256:18o/+mvda6hfj5iVLBojn1NCyfLgKIFh5aL1qLuwvO0 root@ubuntu-bionic
[   19.389218] cloud-init[912]: The key's randomart image is:
[   19.393426] cloud-init[912]: +---[RSA 2048]----+
[   19.397209] cloud-init[912]: |   ..            |[[0;32m  OK  [0m] Started Initial cloud-init job (metadata service crawler).
[[0;32m  OK  [0m] Reached target System Initialization.
[[0;32m  OK  [0m] Listening on cloud-init hotplug hook socket.

[   19.402858] cloud-init[912]: |  o.             |
[   19.403180] cloud-init[912]: | .oo.    . .     |
[   19.403544] cloud-init[912]: | o.+.   o +.     |
         Starting LXD - unix socket.
[[0;32m  OK  [0m] Listening on Open-iSCSI iscsid Socket.
[[0;32m  OK  [0m] Started Discard unused blocks once a week.
[[0;32m  OK  [0m] Started Daily apt download activities.
[[0;32m  OK  [0m] Started Daily apt upgrade and clean activities.
[[0;32m  OK  [0m] Started Daily Cleanup of Temporary Directories.
[[0;32m  OK  [0m] Listening on D-Bus System Message Bus Socket.
[   19.403910] cloud-init[912]: |. . .. oS=. .    |
[[0;32m  OK  [0m] Started ACPI Events Check.
[[0;32m  OK  [0m] Reached target Paths.
[[0;32m  OK  [0m] Listening on ACPID Listen Socket.
[[0;32m  OK  [0m] Started Ubuntu Advantage Timer for running repeated jobs.
[   19.431500] cloud-init         Starting Socket activation for snappy daemon.
[[0;32m  OK  [0m] Started Message of the Day.
[[0;32m  OK  [0m] Reached target Timers.
[[0;32m  OK  [0m] Listening on UUID daemon activation socket.
[[0;32m  OK  [0m] Reached target Network is Online.
         Starting Availability of block devices...
[[0;32m  OK  [0m] Reached target Remote File Systems (Pre).
[[0;32m  OK  [0m] Reached target Remote File Systems.
[[0;32m  OK  [0m] Reached target Cloud-config availability.
[[0;32m  OK  [0m] Listening on LXD - unix socket.
[[0;32m  OK  [0m] Listening on Socket activation for snappy daemon.
[[0;32m  OK  [0m] Reached target Sockets.
[[0;32m  OK  [0m] Reached target Basic System.
[912]: | .  . . .oo... . |
         Starting Login Service...
[[0;32m  OK  [0m] Reached target Login Prompts (Pre).
         Starting Pollinate to seed the pseudo random number generator...
         Starting Virtualbox guest utils...
[   19.472484] cloud-init[912]: |o    .  . =o..=o |[[0;32m  OK  [0m] Started irqbalance daemon.
         Starting Accounts Service...

[   19.481706] cloud-init[912]: [[0;32m  OK  [0m] Started Regular background program processing daemon.
         Starting Dispatcher daemon for systemd-networkd...
         Starting Permit User Sessions...
[[0;32m  OK  [0m] Started D-Bus System Message Bus.
|oo.      o.*o*ooo|
[   19.491888] cloud-init[912]: |++oE      =*O+o.o|
[   19.497731] cloud-init[912]: +----[SHA256]-----+
[   19.501534] cloud-init[912]: Generating public/private dsa key pair.
[   19.506152] cloud-init[912]: Your identification has been saved in /etc/ssh/ssh_host_dsa_key.
[   19.511471] cloud-init[912]: Your public key has been saved in /etc/ssh/ssh_host_dsa_key.pub.
[   19.516396] cloud-init[912]: The key fingerprint is:
[   19.522970] cloud-init[912]: SHA256:sjS0YqQERlDnZ1ysLMr82VdjUlRi4cXGQ+TeU/0OTRA root@ubuntu-bionic
[   19.530808] cloud-init[912]: The key's randomart image is:
[   19.534881] cloud-init[912]: +---[DSA 1024]----+
[   19.538521] cloud-init[912]: |=+. .  .. +B= E. |
[   19.542868] cloud-init[912]: |.. o . ..o.+=  ..|
[   19.547195] cloud-init[912]: |  . o.=. .....  +|
[   19.554972] cloud-init[912]: | . o.+o.  .. . +.|
[   19.558935] cloud-init[912]: | o..o.= S.  . + o|
[   19.563894] cloud-init[912]: |  +. o +. +    + |
[   19.568593] cloud-init[912]: |   . o.  + .    .|
[   19.573148] cloud-init[912]: |    o . .        |
[   19.577895] cloud-init[912]: |       .         |
[   19.582032] cloud-init[912]:          Starting System Logging Service...
[[0;32m  OK  [0m] Started Deferred execution scheduler.
[[0;32m  OK  [0m] Started FUSE filesystem for LXC.
         Starting LSB: automatic crash report generation...
+----[SHA256]-----+
[   19.593901] cloud-init[912]: Generating public/private ecdsa key pair.
[   19.598182] cloud-init[912]: Your identification has been saved in /etc/ssh/ssh_host_ecdsa_key.
[   19.602926] cloud-init[912]: Your public key has been saved in /etc/ssh/ssh_host_ecdsa_key.pub.
[   19.609930] cloud-init[912]: The key fingerprint is:
[   19.614131] cloud-init[912]: SHA256:HAGwFzZ8YvJjnsKux6oQGSFKoRrxR81cpjELT0SUB4g root@ubuntu-bionic
[   19.618946] cloud-init[912]: The key's randomart image is:
[   19.622805] cloud-init[912]: +---[ECDSA 256]---+
[   19.626401] cloud-init[912]:          Starting Snap Daemon...
         Starting LSB: Record successful boot for GRUB...
         Starting LXD - container startup/shutdown...
[[0;32m  OK  [0m] Started Availability of block devices.
[[0;32m  OK  [0m] Started Permit User Sessions.
|+o..+@&=+        |
[   19.638914] cloud-init[912]: |=+E.o*OOo.       |
[[0;32m  OK  [0m] Started Login Service.
[[0;32m  OK  [0m] Started Unattended Upgrades Shutdown.
         Starting Terminate Plymouth Boot Screen...
[   19.649938] cloud-init         Starting Hold until boot process finishes up...
[912]: |= . o+=+.        |[[0;32m  OK  [0m] Started Hold until boot process finishes up.

[   19.660344]          Starting Set console scheme...
[[0;32m  OK  [0m] Started Serial Getty on ttyS0.
cloud-init[912]: [[0;32m  OK  [0m] Started Terminate Plymouth Boot Screen.
|.+ . .+. .       |
[   19.670965] cloud-init[912]: |+  . o oS        |
[   19.677060] cloud-init[912]: | .  o o          |
[   19.684025] cloud-init[912]: |.  o .           |
[   19.689302] cloud-init[912]: |.   +            |
[   19.693075] cloud-init[912]: |..o+             |
[   19.697303] cloud-init[912]: +----[SHA256]-----+
[   19.701445] cloud-init[912]: Generating public/private ed25519 key pair.
[   19.705928] cloud-init[912]: Your identification has been saved in /etc/ssh/ssh_host_ed25519_key.
[   19.712326] cloud-init[912]: Your public key has been saved in /etc/ssh/ssh_host_ed25519_key.pub.
[   19.717962] cloud-init[912]: The key fingerprint is:
[   19.722031] cloud-init[912]: SHA256:nDedy+5oTI+ZyA8TgxCsJeaSAJUwFjRSWTOd/NW2K/k root@ubuntu-bionic
[   19.726938] cloud-init[912]: The key's randomart image is:
[   19.730968] cloud-init[912]: +--[ED25519 256]--+
[   19.735258] cloud-init[912]: |BO+==o .   .     |
[   19.739711] cloud-init[912]: |+.* o++   . o    |
[   19.743426] cloud-init[912]: |.+ +.  . . . .   |
[   19.747292] cloud-init[912]: |o o  . o.. ...   |
[   19.752563] cloud-init[912]: | .    . S o.o.   |
[   19.756849] cloud-init[912]: |         ++o..   |
[   19.761813] cloud-init[912]: |       .o+ Bo    |
[   19.766702] cloud-init[912]: |        oo*oE    |
[   19.772070] cloud-init[912]: |         oo.o    |
[   19.776632] cloud-init[912]: +----[SHA256]-----+
[[0;32m  OK  [0m] Started System Logging Service.
[[0;32m  OK  [0m] Started Set console scheme.
[[0;32m  OK  [0m] Created slice system-getty.slice.
[[0;32m  OK  [0m] Started Getty on tty1.
[[0;32m  OK  [0m] Reached target Login Prompts.
         Starting Authorization Manager...
[[0;32m  OK  [0m] Started LSB: automatic crash report generation.
[[0;32m  OK  [0m] Started Authorization Manager.
[[0;32m  OK  [0m] Started Accounts Service.
[[0;32m  OK  [0m] Started LSB: Record successful boot for GRUB.
[[0;32m  OK  [0m] Started Virtualbox guest utils.
[[0;32m  OK  [0m] Started Dispatcher daemon for systemd-networkd.
[[0;32m  OK  [0m] Started LXD - container startup/shutdown.
[[0;32m  OK  [0m] Started Snap Daemon.
         Starting Wait until snapd is fully seeded...
         Starting Time & Date Service...
[[0;32m  OK  [0m] Started Time & Date Service.
[[0;32m  OK  [0m] Started Wait until snapd is fully seeded.
         Starting Apply the settings specified in cloud-config...
[[0;32m  OK  [0m] Started Pollinate to seed the pseudo random number generator.
         Starting OpenBSD Secure Shell server...
[[0;32m  OK  [0m] Started OpenBSD Secure Shell server.
[   22.241528] cloud-init[1373]: Cloud-init v. 22.3.4-0ubuntu1~18.04.1 running 'modules:config' at Fri, 25 Nov 2022 14:23:20 +0000. Up 21.81 seconds.
[[0;32m  OK  [0m] Started Apply the settings specified in cloud-config.
[[0;32m  OK  [0m] Reached target Multi-User System.
[[0;32m  OK  [0m] Reached target Graphical Interface.
         Starting Update UTMP about System Runlevel Changes...
         Starting Execute cloud user/final scripts...
[[0;32m  OK  [0m] Started Update UTMP about System Runlevel Changes.
ci-info: no authorized SSH keys fingerprints found for user ubuntu.
<14>Nov 25 14:23:21 cloud-init: #############################################################
<14>Nov 25 14:23:21 cloud-init: -----BEGIN SSH HOST KEY FINGERPRINTS-----
<14>Nov 25 14:23:21 cloud-init: 1024 SHA256:sjS0YqQERlDnZ1ysLMr82VdjUlRi4cXGQ+TeU/0OTRA root@ubuntu-bionic (DSA)
<14>Nov 25 14:23:21 cloud-init: 256 SHA256:HAGwFzZ8YvJjnsKux6oQGSFKoRrxR81cpjELT0SUB4g root@ubuntu-bionic (ECDSA)
<14>Nov 25 14:23:21 cloud-init: 256 SHA256:nDedy+5oTI+ZyA8TgxCsJeaSAJUwFjRSWTOd/NW2K/k root@ubuntu-bionic (ED25519)
<14>Nov 25 14:23:21 cloud-init: 2048 SHA256:18o/+mvda6hfj5iVLBojn1NCyfLgKIFh5aL1qLuwvO0 root@ubuntu-bionic (RSA)
<14>Nov 25 14:23:21 cloud-init: -----END SSH HOST KEY FINGERPRINTS-----
<14>Nov 25 14:23:21 cloud-init: #############################################################
-----BEGIN SSH HOST KEY KEYS-----
ecdsa-sha2-nistp256 AAAAE2VjZHNhLXNoYTItbmlzdHAyNTYAAAAIbmlzdHAyNTYAAABBBBc5nCHa+416+LLyuAsOlRN5WZV/lIGKyvim4EhNUPbfmJS7HUr9rEevXTnfGtuuOz2KINzwWj18qMJ7EqOti/k= root@ubuntu-bionic
ssh-ed25519 AAAAC3NzaC1lZDI1NTE5AAAAIAh6/hFhkmtGLnc26LP74QOnKs8oU0AMAnhIHMnmHbEX root@ubuntu-bionic
ssh-rsa AAAAB3NzaC1yc2EAAAADAQABAAABAQC4L+A0benzpqDKgaUTX0w44ulKzmIkwg5La3Sv7AkuMS4dJSeu8ZlQ0qdY5onUN93X5tog2MDhhOSxw/QkpYgcfk725qFuT0UoS+7Uo85ROh3wL2T7ziKJ2DsJqMLJ6rJBUF1nuenN2/mlnfR8g2fFWHkyZyQYzskyYoJS4DBgYzJRoEiKbtL34aPdYJ9XM9KzngZDafIwm3d4H6zMyAlArFvqUSBezMa8nd4Yua67SxCv4+7Lw+QxYfhTizRBHMKwPWzwtF7XOyA+yWbKqZ+B3oS+IX3Q4zaO65L0vy824U5nJlrKeFnLlecN1EXEq5lDIYpFvJ3D2ak33iZQTd1z root@ubuntu-bionic
-----END SSH HOST KEY KEYS-----
[   22.740432] cloud-init[1447]: Cloud-init v. 22.3.4-0ubuntu1~18.04.1 running 'modules:final' at Fri, 25 Nov 2022 14:23:21 +0000. Up 22.55 seconds.
[   22.746998] cloud-init[1447]: Cloud-init v. 22.3.4-0ubuntu1~18.04.1 finished at Fri, 25 Nov 2022 14:23:21 +0000. Datasource DataSourceNoCloud [seed=/dev/sdb][dsmode=net].  Up 22.73 seconds
[[0;32m  OK  [0m] Started Execute cloud user/final scripts.
[[0;32m  OK  [0m] Reached target Cloud-init target.

Ubuntu 18.04.6 LTS ubuntu-bionic ttyS0

ubuntu-bionic login: 